2025-11-11 20:26:52,417 - selenium_automation - INFO - Acessando https://devaprender-contabil.netlify.app/
2025-11-11 20:26:54,555 - selenium_automation - INFO - Iniciando processamento de 100 produtos
2025-11-11 20:26:54,560 - selenium_automation - INFO - Processando: Fornecedor Norte - Raquete Tênis (1/100)
2025-11-11 20:26:58,348 - selenium_automation - INFO - Processando: Carlos Souza - Água Mineral (2/100)
2025-11-11 20:27:01,819 - selenium_automation - INFO - Processando: Bruno Gomes - Guia Marketing (3/100)
2025-11-11 20:27:05,241 - selenium_automation - INFO - Processando: Importadora Brasil - Feijão Carioca (4/100)
2025-11-11 20:27:08,822 - selenium_automation - INFO - Processando: Oscar Lourenço - Teclado Mecânico (5/100)
2025-11-11 20:27:12,282 - selenium_automation - INFO - Processando: Loja Premium - Refrigerante (6/100)
2025-11-11 20:27:15,552 - selenium_automation - INFO - Processando: Indústria 123 - Vinho Tinto (7/100)
2025-11-11 20:27:18,850 - selenium_automation - INFO - Processando: João Silva - Cadeira Gamer (8/100)
2025-11-11 20:27:22,223 - selenium_automation - INFO - Processando: Fornecedor Norte - Sal Refinado (9/100)
2025-11-11 20:27:25,487 - selenium_automation - INFO - Processando: Gustavo Ribeiro - Suco Natural (10/100)
2025-11-11 20:27:28,833 - selenium_automation - INFO - Processando: Felipe Alves - Estante Metálica (11/100)
2025-11-11 20:27:32,218 - selenium_automation - INFO - Processando: Comércio XYZ - Patins (12/100)
2025-11-11 20:27:35,484 - selenium_automation - INFO - Processando: Varejo Fast - Poesia (13/100)
2025-11-11 20:27:38,808 - selenium_automation - INFO - Processando: Bruno Gomes - Mochila Esporte (14/100)
2025-11-11 20:27:42,128 - selenium_automation - INFO - Processando: Roberto Martins - Suco Natural (15/100)
2025-11-11 20:27:45,460 - selenium_automation - INFO - Processando: Exportadora Sul - Sabonete Líquido (16/100)
2025-11-11 20:27:48,741 - selenium_automation - INFO - Processando: Oscar Lourenço - Sal Refinado (17/100)
2025-11-11 20:27:52,130 - selenium_automation - INFO - Processando: Patricia Neves - Mochila Esporte (18/100)
2025-11-11 20:27:55,549 - selenium_automation - INFO - Processando: Ana Costa - Armário (19/100)
2025-11-11 20:27:58,830 - selenium_automation - INFO - Processando: Ana Costa - Adubo Orgânico (20/100)
2025-11-11 20:28:02,499 - selenium_automation - INFO - Processando: Comércio XYZ - Jaqueta Inverno (21/100)
2025-11-11 20:28:05,764 - selenium_automation - INFO - Processando: Exportadora Sul - Açúcar Cristal (22/100)
2025-11-11 20:28:09,092 - selenium_automation - INFO - Processando: Isadora Mendes - Macarrão Integral (23/100)
2025-11-11 20:28:12,545 - selenium_automation - INFO - Processando: Isadora Mendes - Macarrão Integral (24/100)
2025-11-11 20:28:15,837 - selenium_automation - INFO - Processando: Juliana Pereira - Cadeira Gamer (25/100)
2025-11-11 20:28:19,214 - selenium_automation - INFO - Processando: Gabriela Rocha - Bola Vôlei (26/100)
2025-11-11 20:28:22,772 - selenium_automation - INFO - Processando: Loja Premium - Água Mineral (27/100)
2025-11-11 20:28:26,073 - selenium_automation - INFO - Processando: Fornecedor Norte - Guia Marketing (28/100)
2025-11-11 20:28:29,343 - selenium_automation - INFO - Processando: Fernanda Lima - Protetor Solar (29/100)
2025-11-11 20:28:32,617 - selenium_automation - INFO - Processando: Patricia Neves - Prateleira (30/100)
2025-11-11 20:28:35,967 - selenium_automation - INFO - Processando: Felipe Alves - Água Mineral (31/100)
2025-11-11 20:28:39,382 - selenium_automation - INFO - Processando: Carlos Souza - Bola Vôlei (32/100)
2025-11-11 20:28:42,724 - selenium_automation - INFO - Processando: Fornecedor Norte - Sabonete Líquido (33/100)
2025-11-11 20:28:46,023 - selenium_automation - INFO - Processando: Distribuidora Global - Boneco Ação (34/100)
2025-11-11 20:28:49,348 - selenium_automation - INFO - Processando: Ana Costa - Refrigerante (35/100)
2025-11-11 20:28:52,771 - selenium_automation - INFO - Processando: Indústria 123 - Bola Futebol (36/100)
2025-11-11 20:28:56,442 - selenium_automation - INFO - Processando: Ana Costa - Armário (37/100)
2025-11-11 20:28:59,783 - selenium_automation - INFO - Processando: Tech Solutions - Sabonete Líquido (38/100)
2025-11-11 20:29:03,051 - selenium_automation - INFO - Processando: Indústria 123 - Técnico Python (39/100)
2025-11-11 20:29:06,287 - selenium_automation - INFO - Processando: Indústria 123 - Técnico Python (40/100)
2025-11-11 20:29:09,634 - selenium_automation - INFO - Processando: Pedro Oliveira - Patins (41/100)
2025-11-11 20:29:12,974 - selenium_automation - INFO - Processando: Felipe Alves - Açúcar Cristal (42/100)
2025-11-11 20:29:16,275 - selenium_automation - INFO - Processando: Exportadora Sul - Vinho Tinto (43/100)
2025-11-11 20:29:19,713 - selenium_automation - INFO - Processando: Oscar Lourenço - Condicionador (44/100)
2025-11-11 20:29:23,236 - selenium_automation - INFO - Processando: Oscar Lourenço - Refrigerante (45/100)
2025-11-11 20:29:26,643 - selenium_automation - INFO - Processando: Pedro Oliveira - Macarrão Integral (46/100)
2025-11-11 20:29:30,244 - selenium_automation - INFO - Processando: Camila Dias - Cerveja Premium (47/100)
2025-11-11 20:29:33,589 - selenium_automation - INFO - Processando: Fernanda Lima - Açúcar Cristal (48/100)
2025-11-11 20:29:36,942 - selenium_automation - INFO - Processando: Importadora Brasil - Mochila Esporte (49/100)
2025-11-11 20:29:40,509 - selenium_automation - INFO - Processando: Roberto Martins - Poesia (50/100)
2025-11-11 20:29:43,986 - selenium_automation - INFO - Processando: Carlos Souza - Prateleira (51/100)
2025-11-11 20:29:47,673 - selenium_automation - INFO - Processando: Patricia Neves - Romance Clássico (52/100)
2025-11-11 20:29:51,508 - selenium_automation - INFO - Processando: Oscar Lourenço - Shampoo Neutro (53/100)
2025-11-11 20:29:54,821 - selenium_automation - INFO - Processando: Diego Ferreira - Adubo Orgânico (54/100)
2025-11-11 20:29:57,033 - selenium_automation - ERROR - Erro ao selecionar categoria Esportes: ('Connection aborted.', ConnectionResetError(10054, 'Foi forçado o cancelamento de uma conexão existente pelo host remoto', None, 10054, None))
2025-11-11 20:29:57,033 - selenium_automation - ERROR - Erro ao preencher produto Adubo Orgânico: ('Connection aborted.', ConnectionResetError(10054, 'Foi forçado o cancelamento de uma conexão existente pelo host remoto', None, 10054, None))
2025-11-11 20:29:57,033 - selenium_automation - INFO - Processando: Maria Santos - Camiseta Básica (55/100)
2025-11-11 20:39:58,196 - selenium_automation - INFO - Acessando https://devaprender-contabil.netlify.app/
2025-11-11 20:40:00,638 - selenium_automation - INFO - Iniciando processamento de 100 produtos
2025-11-11 20:40:00,638 - selenium_automation - INFO - Processando: Fornecedor Norte - Raquete Tênis (1/100)
2025-11-11 20:40:04,155 - selenium_automation - INFO - Processando: Carlos Souza - Água Mineral (2/100)
2025-11-11 20:40:07,891 - selenium_automation - INFO - Processando: Bruno Gomes - Guia Marketing (3/100)
2025-11-11 20:40:11,222 - selenium_automation - INFO - Processando: Importadora Brasil - Feijão Carioca (4/100)
2025-11-11 20:40:14,692 - selenium_automation - INFO - Processando: Oscar Lourenço - Teclado Mecânico (5/100)
2025-11-11 20:40:17,990 - selenium_automation - INFO - Processando: Loja Premium - Refrigerante (6/100)
2025-11-11 20:40:21,651 - selenium_automation - INFO - Processando: Indústria 123 - Vinho Tinto (7/100)
2025-11-11 20:40:25,225 - selenium_automation - INFO - Processando: João Silva - Cadeira Gamer (8/100)
2025-11-11 20:40:28,620 - selenium_automation - INFO - Processando: Fornecedor Norte - Sal Refinado (9/100)
2025-11-11 20:40:32,069 - selenium_automation - INFO - Processando: Gustavo Ribeiro - Suco Natural (10/100)
2025-11-11 20:40:35,510 - selenium_automation - INFO - Processando: Felipe Alves - Estante Metálica (11/100)
2025-11-11 20:40:38,848 - selenium_automation - INFO - Processando: Comércio XYZ - Patins (12/100)
2025-11-11 20:40:42,162 - selenium_automation - INFO - Processando: Varejo Fast - Poesia (13/100)
2025-11-11 20:40:45,498 - selenium_automation - INFO - Processando: Bruno Gomes - Mochila Esporte (14/100)
2025-11-11 20:40:48,796 - selenium_automation - INFO - Processando: Roberto Martins - Suco Natural (15/100)
2025-11-11 20:40:52,180 - selenium_automation - INFO - Processando: Exportadora Sul - Sabonete Líquido (16/100)
2025-11-11 20:40:55,619 - selenium_automation - INFO - Processando: Oscar Lourenço - Sal Refinado (17/100)
2025-11-11 20:40:59,068 - selenium_automation - INFO - Processando: Patricia Neves - Mochila Esporte (18/100)
2025-11-11 20:41:02,468 - selenium_automation - INFO - Processando: Ana Costa - Armário (19/100)
2025-11-11 20:41:05,965 - selenium_automation - INFO - Processando: Ana Costa - Adubo Orgânico (20/100)
2025-11-11 20:41:09,363 - selenium_automation - INFO - Processando: Comércio XYZ - Jaqueta Inverno (21/100)
2025-11-11 20:41:12,943 - selenium_automation - INFO - Processando: Exportadora Sul - Açúcar Cristal (22/100)
2025-11-11 20:41:16,427 - selenium_automation - INFO - Processando: Isadora Mendes - Macarrão Integral (23/100)
2025-11-11 20:41:19,844 - selenium_automation - INFO - Processando: Isadora Mendes - Macarrão Integral (24/100)
2025-11-11 20:41:23,251 - selenium_automation - INFO - Processando: Juliana Pereira - Cadeira Gamer (25/100)
2025-11-11 20:41:26,687 - selenium_automation - INFO - Processando: Gabriela Rocha - Bola Vôlei (26/100)
2025-11-11 20:41:30,130 - selenium_automation - INFO - Processando: Loja Premium - Água Mineral (27/100)
2025-11-11 20:41:33,527 - selenium_automation - INFO - Processando: Fornecedor Norte - Guia Marketing (28/100)
2025-11-11 20:41:36,995 - selenium_automation - INFO - Processando: Fernanda Lima - Protetor Solar (29/100)
2025-11-11 20:41:40,477 - selenium_automation - INFO - Processando: Patricia Neves - Prateleira (30/100)
2025-11-11 20:41:43,931 - selenium_automation - INFO - Processando: Felipe Alves - Água Mineral (31/100)
2025-11-11 20:41:47,348 - selenium_automation - INFO - Processando: Carlos Souza - Bola Vôlei (32/100)
2025-11-11 20:41:51,089 - selenium_automation - INFO - Processando: Fornecedor Norte - Sabonete Líquido (33/100)
2025-11-11 20:41:54,556 - selenium_automation - INFO - Processando: Distribuidora Global - Boneco Ação (34/100)
2025-11-11 20:41:57,952 - selenium_automation - INFO - Processando: Ana Costa - Refrigerante (35/100)
2025-11-11 20:42:01,364 - selenium_automation - INFO - Processando: Indústria 123 - Bola Futebol (36/100)
2025-11-11 20:42:04,805 - selenium_automation - INFO - Processando: Ana Costa - Armário (37/100)
2025-11-11 20:42:08,495 - selenium_automation - INFO - Processando: Tech Solutions - Sabonete Líquido (38/100)
2025-11-11 20:42:12,033 - selenium_automation - INFO - Processando: Indústria 123 - Técnico Python (39/100)
2025-11-11 20:42:15,550 - selenium_automation - INFO - Processando: Indústria 123 - Técnico Python (40/100)
2025-11-11 20:42:19,110 - selenium_automation - INFO - Processando: Pedro Oliveira - Patins (41/100)
2025-11-11 20:42:22,705 - selenium_automation - INFO - Processando: Felipe Alves - Açúcar Cristal (42/100)
2025-11-11 20:42:26,241 - selenium_automation - INFO - Processando: Exportadora Sul - Vinho Tinto (43/100)
2025-11-11 20:42:29,827 - selenium_automation - INFO - Processando: Oscar Lourenço - Condicionador (44/100)
2025-11-11 20:42:33,408 - selenium_automation - INFO - Processando: Oscar Lourenço - Refrigerante (45/100)
2025-11-11 20:42:37,086 - selenium_automation - INFO - Processando: Pedro Oliveira - Macarrão Integral (46/100)
2025-11-11 20:42:40,810 - selenium_automation - INFO - Processando: Camila Dias - Cerveja Premium (47/100)
2025-11-11 20:42:44,301 - selenium_automation - INFO - Processando: Fernanda Lima - Açúcar Cristal (48/100)
2025-11-11 20:42:48,044 - selenium_automation - INFO - Processando: Importadora Brasil - Mochila Esporte (49/100)
2025-11-11 20:42:51,931 - selenium_automation - INFO - Processando: Roberto Martins - Poesia (50/100)
2025-11-11 20:42:56,012 - selenium_automation - INFO - Processando: Carlos Souza - Prateleira (51/100)
2025-11-11 20:42:59,923 - selenium_automation - INFO - Processando: Patricia Neves - Romance Clássico (52/100)
2025-11-11 20:43:03,803 - selenium_automation - INFO - Processando: Oscar Lourenço - Shampoo Neutro (53/100)
2025-11-11 20:43:07,357 - selenium_automation - INFO - Processando: Diego Ferreira - Adubo Orgânico (54/100)
2025-11-11 20:43:10,864 - selenium_automation - INFO - Processando: Maria Santos - Camiseta Básica (55/100)
2025-11-11 20:43:14,219 - selenium_automation - INFO - Processando: Diego Ferreira - Feijão Carioca (56/100)
2025-11-11 20:43:17,639 - selenium_automation - INFO - Processando: Empresa ABC - Açúcar Cristal (57/100)
2025-11-11 20:43:21,132 - selenium_automation - INFO - Processando: Gabriela Rocha - Cerveja Premium (58/100)
2025-11-11 20:43:24,565 - selenium_automation - INFO - Processando: Marcos Teixeira - Sabonete Líquido (59/100)
2025-11-11 20:43:28,105 - selenium_automation - INFO - Processando: Felipe Alves - Monitor LG (60/100)
2025-11-11 20:43:31,469 - selenium_automation - INFO - Processando: Camila Dias - Estante Metálica (61/100)
2025-11-11 20:43:34,853 - selenium_automation - INFO - Processando: Roberto Martins - Raquete Tênis (62/100)
2025-11-11 20:43:38,573 - selenium_automation - INFO - Processando: Fornecedor Norte - Condicionador (63/100)
2025-11-11 20:43:42,238 - selenium_automation - INFO - Processando: Importadora Brasil - Macarrão Integral (64/100)
2025-11-11 20:43:45,832 - selenium_automation - INFO - Processando: Gustavo Ribeiro - Notebook Dell (65/100)
2025-11-11 20:43:49,342 - selenium_automation - INFO - Processando: Fornecedor Norte - Mochila Esporte (66/100)
2025-11-11 20:43:52,913 - selenium_automation - INFO - Processando: Gustavo Ribeiro - Creme Facial (67/100)
2025-11-11 20:43:56,411 - selenium_automation - INFO - Processando: Larissa Barbosa - Vinho Tinto (68/100)
2025-11-11 20:44:00,015 - selenium_automation - INFO - Processando: Loja Premium - Patinete Elétrico (69/100)
2025-11-11 20:44:03,564 - selenium_automation - INFO - Processando: Marcos Teixeira - Adubo Orgânico (70/100)
2025-11-11 20:44:07,382 - selenium_automation - INFO - Processando: Tech Solutions - Quebra-cabeça (71/100)
2025-11-11 20:44:11,055 - selenium_automation - INFO - Processando: Natalia Cardoso - Vaso Cerâmica (72/100)
2025-11-11 20:44:14,683 - selenium_automation - INFO - Processando: Distribuidora Global - Protetor Solar (73/100)
2025-11-11 20:44:18,061 - selenium_automation - INFO - Processando: Gabriela Rocha - Teclado Mecânico (74/100)
2025-11-11 20:44:21,423 - selenium_automation - INFO - Processando: Natalia Cardoso - Adubo Orgânico (75/100)
2025-11-11 20:44:24,908 - selenium_automation - INFO - Processando: Loja Premium - Romance Clássico (76/100)
2025-11-11 20:44:28,600 - selenium_automation - INFO - Processando: Indústria 123 - Estante Metálica (77/100)
2025-11-11 20:44:32,488 - selenium_automation - INFO - Processando: Marcos Teixeira - Tesoura Poda (78/100)
2025-11-11 20:44:36,252 - selenium_automation - INFO - Processando: Fernanda Lima - Prateleira (79/100)
2025-11-11 20:44:40,021 - selenium_automation - INFO - Processando: Empresa ABC - Macarrão Integral (80/100)
2025-11-11 20:44:43,862 - selenium_automation - INFO - Processando: Isadora Mendes - Condicionador (81/100)
2025-11-11 20:44:47,261 - selenium_automation - INFO - Processando: Oscar Lourenço - Armário (82/100)
2025-11-11 20:44:50,679 - selenium_automation - INFO - Processando: Diego Ferreira - Bola Futebol (83/100)
2025-11-11 20:44:54,094 - selenium_automation - INFO - Processando: Fornecedor Norte - Condicionador (84/100)
2025-11-11 20:44:57,607 - selenium_automation - INFO - Processando: Diego Ferreira - Suco Natural (85/100)
2025-11-11 20:45:01,096 - selenium_automation - INFO - Processando: Diego Ferreira - Raquete Tênis (86/100)
2025-11-11 20:45:04,535 - selenium_automation - INFO - Processando: Fernanda Lima - Cadeira Gamer (87/100)
2025-11-11 20:45:08,059 - selenium_automation - INFO - Processando: Bruno Gomes - Suco Natural (88/100)
2025-11-11 20:45:11,695 - selenium_automation - INFO - Processando: Marcos Teixeira - Camiseta Básica (89/100)
2025-11-11 20:45:15,116 - selenium_automation - INFO - Processando: Natalia Cardoso - Estante Metálica (90/100)
2025-11-11 20:45:18,552 - selenium_automation - INFO - Processando: Tech Solutions - Mesa Escritório (91/100)
2025-11-11 20:45:22,009 - selenium_automation - INFO - Processando: Ana Costa - Suco Natural (92/100)
2025-11-11 20:45:25,468 - selenium_automation - INFO - Processando: João Silva - Cerveja Premium (93/100)
2025-11-11 20:45:28,994 - selenium_automation - INFO - Processando: Isadora Mendes - Livro Ficção (94/100)
2025-11-11 20:45:32,653 - selenium_automation - INFO - Processando: João Silva - Romance Clássico (95/100)
2025-11-11 20:45:36,429 - selenium_automation - INFO - Processando: Juliana Pereira - Patins (96/100)
2025-11-11 20:45:40,063 - selenium_automation - INFO - Processando: Diego Ferreira - Feijão Carioca (97/100)
2025-11-11 20:45:44,048 - selenium_automation - INFO - Processando: Isadora Mendes - Monitor LG (98/100)
